2023Jan15	22:38:20	b7888b51-20da-4a17-8917-96f1c06dcf0e	GET	/	undefined
2023Jan15	22:38:20	5fc0047f-de73-4bfe-9670-b9b44d5c0237	GET	/css/styles.css	undefined
2023Jan15	22:38:37	c8332e2d-9a8e-4e8f-8ca9-86ce5e21ce19	GET	/	undefined
2023Jan15	22:38:37	f73419ac-72f1-4643-900e-c445ffaa6190	GET	/css/styles.css	undefined
2023Jan16	19:22:44	8e4013a6-e842-42aa-80d0-4edb8c627f1c	POST	/api/v1/users/register	undefined
2023Jan16	19:24:19	ec99463a-76b0-4cb1-86f0-18035374f857	POST	/api/v1/	undefined
2023Jan16	19:24:23	4b3a0219-d910-45e0-8930-8b7df262a3ea	POST	/	undefined
2023Jan16	19:25:48	370aa3db-0c4e-422f-997c-c805f3d6ca04	POST	/api/v1/users/register	undefined
2023Jan16	19:25:58	cf029326-3c22-4dc9-abf2-44cc4e9b22c7	POST	/api/v1/users/register	undefined
2023Jan16	19:27:44	d1058e50-9110-4dc0-992e-5601168c7eea	POST	/api/v1/users/register	undefined
2023Jan16	19:30:47	377f6ad5-ad07-4eab-916a-0053e7eba0a6	POST	/api/v1/users/register	undefined
2023Jan16	19:32:01	dd015023-26a0-48af-a597-4698ff8771a7	POST	/api/v1/users/register	undefined
2023Jan16	19:33:05	6a8cc590-36dd-4a1a-af85-3b0e8845b641	POST	/api/v1/users/register	undefined
2023Jan16	19:34:22	473d347f-4840-4a3d-946f-832654d4e179	POST	/api/v1/users/login	undefined
2023Jan16	19:36:16	ba4eec4e-e6c9-497e-b499-ab2dbc779216	GET	/api/v1/users/profile	undefined
2023Jan16	19:36:45	2c3aa7aa-910b-4ce5-aadf-d2a3f8e69474	GET	/api/v1/users/profile?id=63c5a671b99192a3de66e831	undefined
2023Jan16	19:37:07	2bd1dd99-70ea-46c2-8ea9-96b18d0c65e0	GET	/api/v1/users/profile	undefined
2023Jan16	19:41:15	559f8848-efc5-4698-959e-ed3b41f3c539	GET	/api/v1/users/profile	undefined
2023Jan16	19:42:34	39097c75-8065-4b43-abe6-7b9e9681ca5d	GET	/api/v1/users/profile	undefined
2023Jan16	19:43:00	89641f9d-9f7b-4f5e-8778-d62348919094	GET	/api/v1/users/profile	undefined
2023Jan16	19:43:04	f077f396-59e7-4130-ae8a-a8956fab09a7	GET	/api/v1/users/profile	undefined
2023Jan16	19:43:22	7e6dfa29-9eb6-48f9-ab0c-8311b3175900	GET	/api/v1/users/profile	undefined
2023Jan16	19:43:48	9e3559ed-5d61-46e8-8baf-20f041bc3699	GET	/api/v1/users/profile	undefined
2023Jan16	19:43:50	186e0e5f-432f-41a0-9194-f0499fddc95f	GET	/api/v1/users/profile	undefined
2023Jan16	19:44:18	32d0bbc5-8b09-4f3b-950a-1278635be439	GET	/api/v1/users/profile	undefined
2023Jan16	19:46:44	ec4819a4-8e43-4aaf-bda5-0ed5dd0c78a4	PUT	/api/v1/users/profile	undefined
2023Jan16	19:47:08	de712e1c-adeb-43ab-9a5a-799164a89596	PUT	/api/v1/users/profile	undefined
2023Jan16	19:48:36	f6265e84-90ee-43d7-8123-2525dba2f3d2	PUT	/api/v1/users/profile	undefined
2023Jan16	19:49:31	3095f0c3-6abd-483e-9046-82f5ff21c953	PUT	/api/v1/users/profile	undefined
2023Jan16	19:51:00	fc93c240-c5ce-42d4-8df9-014f30a22578	PUT	/api/v1/users/profile	undefined
2023Jan16	19:51:21	bf3f1bb4-e905-4ad8-8dff-989ec6c9fc66	PUT	/api/v1/users/profile	undefined
2023Jan16	19:51:31	7774ef06-8dc7-4939-9f54-0116abdedfcb	PUT	/api/v1/users/profile	undefined
2023Jan16	19:51:44	2b46bd42-ec82-4a91-8603-3d75784bd4a0	GET	/api/v1/users/profile	undefined
2023Jan16	19:51:47	40c36c9b-b522-4bb5-af80-f3ed3feeea99	PUT	/api/v1/users/profile	undefined
2023Jan16	21:34:37	8f8436d7-0349-485b-840e-bd0a8f12a242	GET	/api/v1/users/profile	undefined
2023Jan16	21:36:38	953328c8-4ed6-4713-ba21-be23479c47b2	POST	/api/v1/users/login	undefined
2023Jan16	21:36:53	011958a7-cb9f-4c8b-9ae5-a744f66057f1	POST	/api/v1/users/login	undefined
2023Jan16	21:37:11	19ff8d1b-f8ba-44f2-808c-5fb3ffacf7ba	POST	/api/v1/users/register	undefined
2023Jan16	21:37:16	df00ae13-249d-4f9e-a22c-d7631ffbf4c4	POST	/api/v1/users/login	undefined
2023Jan16	21:38:51	298fbb22-d025-4490-a6cd-1521cdecf317	POST	/api/v1/users/register	undefined
2023Jan16	21:44:31	d3d940f9-9a34-48fc-9e65-adbe14e257c0	POST	/api/v1/users/register	undefined
2023Jan16	21:54:13	9cab351e-01fb-4926-884d-d56b7eabb3b7	POST	/api/v1/users/login	undefined
2023Jan16	21:54:32	21747ca9-5cfd-4b1a-93a3-8841642cbe4d	GET	/api/v1/users/profile	undefined
2023Jan16	21:55:52	8f110a35-eb9e-42d4-8e45-25cee6cacd72	GET	/api/v1/users/profile	undefined
2023Jan16	21:56:12	1cda5eb7-d0a6-4612-93a5-0a02cd72d677	GET	/api/v1/users/profile	undefined
2023Jan16	21:56:22	6adf54c1-5ef0-4cc3-be5f-f13cea6d5a5b	GET	/api/v1/users/profile	undefined
2023Jan16	21:56:51	8d59a727-388d-4bf0-984d-67b0b22ebbb2	POST	/api/v1/users/login	undefined
2023Jan16	21:57:01	a115241f-8a6e-4b0b-83f3-ef9b186c7344	GET	/api/v1/users/profile	undefined
2023Jan16	21:57:10	1ba9aac8-e789-4e4f-8871-5f02479bacab	GET	/api/v1/users/profile	undefined
2023Jan16	21:58:30	30771c28-3aaa-4f01-839a-2e40e5a85e22	GET	/api/v1/users/profile	undefined
2023Jan16	21:58:40	cf7060a0-47f4-43b1-a3c6-95c5583ec458	GET	/api/v1/users/profile	undefined
2023Jan16	21:58:58	3dbc52c2-a7f6-4bf7-a100-1fb7e727a8bb	PUT	/api/v1/users/profile	undefined
2023Jan16	21:59:19	5dab3da2-05f2-4ca3-926f-b05b7ca62a0c	PUT	/api/v1/users/profile	undefined
2023Jan16	21:59:54	36cbafde-4df3-481d-9a20-16e46a4c7e0a	PUT	/api/v1/users/profile	undefined
2023Jan16	22:02:00	f32a7ca6-b0c5-4547-aa73-1a2b45890168	PUT	/api/v1/users/profile	undefined
2023Jan16	22:04:15	cadb3591-9abb-40ca-8f39-b355a586a140	PUT	/api/v1/users/profile	undefined
2023Jan16	22:04:37	6d018c54-77bb-4187-b035-275d02af828b	PUT	/api/v1/users/profile	undefined
2023Jan16	22:05:12	4ffed825-93ed-472b-af8d-936b5ce7572a	PUT	/api/v1/users/profile	undefined
2023Jan16	22:05:28	0566c4cb-63d7-40e1-8f7c-bde17971c5ce	PUT	/api/v1/users/profile	undefined
2023Jan16	22:06:00	552e574a-c338-46db-9a1d-af9d02c42e81	PUT	/api/v1/users/profile	undefined
2023Jan16	22:09:45	175b7215-8759-4f90-a482-c68af629ab8f	PUT	/api/v1/users/password	undefined
2023Jan16	22:10:52	49893803-5933-43f8-ab59-ff6c9a9c7c39	PUT	/api/v1/users/password	undefined
2023Jan16	22:11:54	7b1f67e7-bae8-451e-9d42-806b25f820a8	PUT	/api/v1/users/password	undefined
2023Jan16	22:13:17	cf4c5dfb-3bd9-4780-9829-227d551b253f	PUT	/api/v1/users/password	undefined
2023Jan16	22:14:09	c949c32b-4f95-4c4f-ac74-7cc5b76df11d	PUT	/api/v1/users/password	undefined
2023Jan16	22:14:18	b551d9d5-050c-4895-a685-23a25b076cd3	PUT	/api/v1/users/password	undefined
2023Jan16	22:14:23	23ecb267-e147-4eac-99eb-c0cfbebecae7	PUT	/api/v1/users/profile	undefined
2023Jan16	22:15:52	bf0bb173-0a5a-4e44-bd0e-43cd65ecc2e2	PUT	/api/v1/users/password	undefined
2023Jan16	22:15:58	6ceaed50-dde2-4268-b054-2f3d828bd5a6	PUT	/api/v1/users/password	undefined
2023Jan16	22:16:07	a534a2c9-53a7-48e0-95a6-99417fe3382e	PUT	/api/v1/users/password	undefined
2023Jan16	22:16:09	ffcd8517-21f9-4371-9e43-8565df26ef84	PUT	/api/v1/users/password	undefined
2023Jan16	22:16:37	2a30cf34-b556-41b5-8454-53d70f4cb621	PUT	/api/v1/users/profile	undefined
2023Jan16	22:16:43	c22088e4-ab65-4324-bcd0-233e79d9bc4a	PUT	/api/v1/users/profile	undefined
2023Jan16	22:16:53	c15243ad-38e2-4791-a40d-b96198610b3c	PUT	/api/v1/users/profile	undefined
2023Jan16	22:18:20	4ce35d28-f426-48bb-adde-a5c150e40ad6	PUT	/api/v1/users/password	undefined
2023Jan16	22:18:23	db2737a0-b977-43ea-93c1-a754d5749cd1	PUT	/api/v1/users/password	undefined
2023Jan16	22:18:33	36bedd70-1af6-4ee3-977c-9c89aedccf99	PUT	/api/v1/users/password	undefined
2023Jan16	22:23:49	f301765b-095b-4c9e-bd7e-caf0a2e573f1	PUT	/api/v1/users/password	undefined
